<?xml version="1.0" encoding="UTF-8"?>
<!-- Generated by org.testng.reporters.JUnitReportReporter -->
<testsuite hostname="DESKTOP-J6N0TU5" failures="0" tests="1" name="testCases.TC_002_LoginTest" time="1.980" errors="0" timestamp="2023-08-10T10:52:53 IST" skipped="0">
  <testcase classname="testCases.TC_002_LoginTest" name="test_login" time="1.980"/>
</testsuite> <!-- testCases.TC_002_LoginTest -->
