<?xml version="1.0" encoding="UTF-8"?>
<!-- Generated by org.testng.reporters.JUnitReportReporter -->
<testsuite hostname="DESKTOP-J6N0TU5" failures="0" tests="5" name="testCases.TC_003_LoginDDT" time="42.729" errors="0" timestamp="2023-08-11T10:56:40 IST" skipped="0">
  <testcase classname="testCases.TC_003_LoginDDT" name="test_LoginDDT" time="2.717"/>
  <testcase classname="testCases.TC_003_LoginDDT" name="test_LoginDDT" time="1.820"/>
  <testcase classname="testCases.TC_003_LoginDDT" name="test_LoginDDT" time="14.978"/>
  <testcase classname="testCases.TC_003_LoginDDT" name="test_LoginDDT" time="11.916"/>
  <testcase classname="testCases.TC_003_LoginDDT" name="test_LoginDDT" time="11.298"/>
</testsuite> <!-- testCases.TC_003_LoginDDT -->
