<?xml version="1.0" encoding="UTF-8"?>
<!-- Generated by org.testng.reporters.JUnitReportReporter -->
<testsuite hostname="DESKTOP-J6N0TU5" failures="0" tests="1" name="testCases.TC_001_AccountRegistrationTest" time="4.664" errors="0" timestamp="2023-08-11T11:48:25 IST" skipped="0">
  <testcase classname="testCases.TC_001_AccountRegistrationTest" name="test_account_Registration" time="4.664"/>
</testsuite> <!-- testCases.TC_001_AccountRegistrationTest -->
