<?xml version="1.0" encoding="UTF-8"?>
<!-- Generated by org.testng.reporters.JUnitReportReporter -->
<testsuite hostname="DESKTOP-J6N0TU5" failures="0" tests="5" name="testCases.TC_003_LoginDDT" time="40.772" errors="0" timestamp="2023-08-11T11:09:17 IST" skipped="0">
  <testcase classname="testCases.TC_003_LoginDDT" name="test_LoginDDT" time="1.838"/>
  <testcase classname="testCases.TC_003_LoginDDT" name="test_LoginDDT" time="14.312"/>
  <testcase classname="testCases.TC_003_LoginDDT" name="test_LoginDDT" time="11.549"/>
  <testcase classname="testCases.TC_003_LoginDDT" name="test_LoginDDT" time="11.200"/>
  <testcase classname="testCases.TC_003_LoginDDT" name="test_LoginDDT" time="1.873"/>
</testsuite> <!-- testCases.TC_003_LoginDDT -->
